# JRE version: OpenJDK Runtime Environment (11.0.10) (build 11.0.10+0-b96-7249189)
# Java VM: OpenJDK 64-Bit Server VM (11.0.10+0-b96-7249189, mixed mode, tiered, compressed oops, g1 gc, windows-amd64)
Heap:
 garbage-first heap   total 157696K, used 75466K [0x0000000080000000, 0x0000000100000000)
  region size 1024K, 34 young (34816K), 4 survivors (4096K)
 Metaspace       used 61895K, capacity 63452K, committed 63692K, reserved 1103872K
  class space    used 7802K, capacity 8372K, committed 8448K, reserved 1048576K
GC Heap History (20 events):
Event: 5.954 GC heap before
{Heap before GC invocations=2 (full 0):
 garbage-first heap   total 131072K, used 47967K [0x0000000080000000, 0x0000000100000000)
  region size 1024K, 40 young (40960K), 2 survivors (2048K)
 Metaspace       used 10898K, capacity 11139K, committed 11264K, reserved 1058816K
  class space    used 1134K, capacity 1206K, committed 1280K, reserved 1048576K
}
Event: 5.960 GC heap after
{Heap after GC invocations=3 (full 0):
 garbage-first heap   total 131072K, used 13591K [0x0000000080000000, 0x0000000100000000)
  region size 1024K, 5 young (5120K), 5 survivors (5120K)
 Metaspace       used 10898K, capacity 11139K, committed 11264K, reserved 1058816K
  class space    used 1134K, capacity 1206K, committed 1280K, reserved 1048576K
}
Event: 7.614 GC heap before
{Heap before GC invocations=3 (full 0):
 garbage-first heap   total 131072K, used 68887K [0x0000000080000000, 0x0000000100000000)
  region size 1024K, 59 young (60416K), 5 survivors (5120K)
 Metaspace       used 20073K, capacity 20426K, committed 20608K, reserved 1067008K
  class space    used 2462K, capacity 2623K, committed 2688K, reserved 1048576K
}
Event: 7.628 GC heap after
{Heap after GC invocations=4 (full 0):
 garbage-first heap   total 131072K, used 16675K [0x0000000080000000, 0x0000000100000000)
  region size 1024K, 7 young (7168K), 7 survivors (7168K)
 Metaspace       used 20073K, capacity 20426K, committed 20608K, reserved 1067008K
  class space    used 2462K, capacity 2623K, committed 2688K, reserved 1048576K
}
Event: 7.735 GC heap before
{Heap before GC invocations=4 (full 0):
 garbage-first heap   total 131072K, used 19747K [0x0000000080000000, 0x0000000100000000)
  region size 1024K, 11 young (11264K), 7 survivors (7168K)
 Metaspace       used 20698K, capacity 21112K, committed 21248K, reserved 1067008K
  class space    used 2547K, capacity 2707K, committed 2816K, reserved 1048576K
}
Event: 7.743 GC heap after
{Heap after GC invocations=5 (full 0):
 garbage-first heap   total 131072K, used 16906K [0x0000000080000000, 0x0000000100000000)
  region size 1024K, 4 young (4096K), 4 survivors (4096K)
 Metaspace       used 20698K, capacity 21112K, committed 21248K, reserved 1067008K
  class space    used 2547K, capacity 2707K, committed 2816K, reserved 1048576K
}
Event: 8.746 GC heap before
{Heap before GC invocations=6 (full 0):
 garbage-first heap   total 131072K, used 70154K [0x0000000080000000, 0x0000000100000000)
  region size 1024K, 56 young (57344K), 4 survivors (4096K)
 Metaspace       used 25984K, capacity 26579K, committed 26752K, reserved 1073152K
  class space    used 3407K, capacity 3618K, committed 3712K, reserved 1048576K
}
Event: 8.754 GC heap after
{Heap after GC invocations=7 (full 0):
 garbage-first heap   total 131072K, used 18947K [0x0000000080000000, 0x0000000100000000)
  region size 1024K, 6 young (6144K), 6 survivors (6144K)
 Metaspace       used 25984K, capacity 26579K, committed 26752K, reserved 1073152K
  class space    used 3407K, capacity 3618K, committed 3712K, reserved 1048576K
}
Event: 10.328 GC heap before
{Heap before GC invocations=7 (full 0):
 garbage-first heap   total 131072K, used 72195K [0x0000000080000000, 0x0000000100000000)
  region size 1024K, 60 young (61440K), 6 survivors (6144K)
 Metaspace       used 35046K, capacity 35769K, committed 35840K, reserved 1081344K
  class space    used 4538K, capacity 4812K, committed 4864K, reserved 1048576K
}
Event: 10.342 GC heap after
{Heap after GC invocations=8 (full 0):
 garbage-first heap   total 131072K, used 22515K [0x0000000080000000, 0x0000000100000000)
  region size 1024K, 6 young (6144K), 6 survivors (6144K)
 Metaspace       used 35046K, capacity 35769K, committed 35840K, reserved 1081344K
  class space    used 4538K, capacity 4812K, committed 4864K, reserved 1048576K
}
Event: 11.807 GC heap before
{Heap before GC invocations=9 (full 0):
 garbage-first heap   total 131072K, used 82931K [0x0000000080000000, 0x0000000100000000)
  region size 1024K, 63 young (64512K), 6 survivors (6144K)
 Metaspace       used 40187K, capacity 41107K, committed 41216K, reserved 1085440K
  class space    used 5182K, capacity 5533K, committed 5632K, reserved 1048576K
}
Event: 11.825 GC heap after
{Heap after GC invocations=10 (full 0):
 garbage-first heap   total 131072K, used 26687K [0x0000000080000000, 0x0000000100000000)
  region size 1024K, 8 young (8192K), 8 survivors (8192K)
 Metaspace       used 40187K, capacity 41107K, committed 41216K, reserved 1085440K
  class space    used 5182K, capacity 5533K, committed 5632K, reserved 1048576K
}
Event: 12.993 GC heap before
{Heap before GC invocations=10 (full 0):
 garbage-first heap   total 131072K, used 87103K [0x0000000080000000, 0x0000000100000000)
  region size 1024K, 66 young (67584K), 8 survivors (8192K)
 Metaspace       used 45038K, capacity 46160K, committed 46464K, reserved 1089536K
  class space    used 5785K, capacity 6197K, committed 6272K, reserved 1048576K
}
Event: 13.008 GC heap after
{Heap after GC invocations=11 (full 0):
 garbage-first heap   total 131072K, used 29171K [0x0000000080000000, 0x0000000100000000)
  region size 1024K, 7 young (7168K), 7 survivors (7168K)
 Metaspace       used 45038K, capacity 46160K, committed 46464K, reserved 1089536K
  class space    used 5785K, capacity 6197K, committed 6272K, reserved 1048576K
}
Event: 19.645 GC heap before
{Heap before GC invocations=11 (full 0):
 garbage-first heap   total 131072K, used 95731K [0x0000000080000000, 0x0000000100000000)
  region size 1024K, 67 young (68608K), 7 survivors (7168K)
 Metaspace       used 47307K, capacity 48584K, committed 48768K, reserved 1091584K
  class space    used 6029K, capacity 6444K, committed 6528K, reserved 1048576K
}
Event: 19.670 GC heap after
{Heap after GC invocations=12 (full 0):
 garbage-first heap   total 131072K, used 42913K [0x0000000080000000, 0x0000000100000000)
  region size 1024K, 9 young (9216K), 9 survivors (9216K)
 Metaspace       used 47307K, capacity 48584K, committed 48768K, reserved 1091584K
  class space    used 6029K, capacity 6444K, committed 6528K, reserved 1048576K
}
Event: 21.155 GC heap before
{Heap before GC invocations=12 (full 0):
 garbage-first heap   total 131072K, used 95137K [0x0000000080000000, 0x0000000100000000)
  region size 1024K, 60 young (61440K), 9 survivors (9216K)
 Metaspace       used 53469K, capacity 54938K, committed 55040K, reserved 1097728K
  class space    used 6831K, capacity 7353K, committed 7424K, reserved 1048576K
}
Event: 21.172 GC heap after
{Heap after GC invocations=13 (full 0):
 garbage-first heap   total 157696K, used 46760K [0x0000000080000000, 0x0000000100000000)
  region size 1024K, 4 young (4096K), 4 survivors (4096K)
 Metaspace       used 53469K, capacity 54938K, committed 55040K, reserved 1097728K
  class space    used 6831K, capacity 7353K, committed 7424K, reserved 1048576K
}
Event: 22.004 GC heap before
{Heap before GC invocations=13 (full 0):
 garbage-first heap   total 157696K, used 77480K [0x0000000080000000, 0x0000000100000000)
  region size 1024K, 35 young (35840K), 4 survivors (4096K)
 Metaspace       used 58415K, capacity 59961K, committed 60160K, reserved 1101824K
  class space    used 7370K, capacity 7914K, committed 7936K, reserved 1048576K
}
Event: 22.014 GC heap after
{Heap after GC invocations=14 (full 0):
 garbage-first heap   total 157696K, used 46794K [0x0000000080000000, 0x0000000100000000)
  region size 1024K, 4 young (4096K), 4 survivors (4096K)
 Metaspace       used 58415K, capacity 59961K, committed 60160K, reserved 1101824K
  class space    used 7370K, capacity 7914K, committed 7936K, reserved 1048576K
}

