# JRE version: OpenJDK Runtime Environment (11.0.10) (build 11.0.10+0-b96-7249189)
# Java VM: OpenJDK 64-Bit Server VM (11.0.10+0-b96-7249189, mixed mode, tiered, compressed oops, g1 gc, windows-amd64)
Heap:
 garbage-first heap   total 805888K, used 224256K [0x0000000080000000, 0x0000000100000000)
  region size 1024K, 4 young (4096K), 4 survivors (4096K)
 Metaspace       used 93743K, capacity 96018K, committed 96204K, reserved 1132544K
  class space    used 11957K, capacity 12786K, committed 12800K, reserved 1048576K
GC Heap History (20 events):
Event: 45.536 GC heap after
{Heap after GC invocations=39 (full 0):
 garbage-first heap   total 201728K, used 180845K [0x0000000080000000, 0x0000000100000000)
  region size 1024K, 2 young (2048K), 2 survivors (2048K)
 Metaspace       used 93487K, capacity 95719K, committed 95948K, reserved 1132544K
  class space    used 11929K, capacity 12751K, committed 12800K, reserved 1048576K
}
Event: 45.807 GC heap before
{Heap before GC invocations=39 (full 0):
 garbage-first heap   total 201728K, used 197229K [0x0000000080000000, 0x0000000100000000)
  region size 1024K, 9 young (9216K), 2 survivors (2048K)
 Metaspace       used 93716K, capacity 95953K, committed 96204K, reserved 1132544K
  class space    used 11956K, capacity 12786K, committed 12800K, reserved 1048576K
}
Event: 45.814 GC heap after
{Heap after GC invocations=40 (full 0):
 garbage-first heap   total 203776K, used 189393K [0x0000000080000000, 0x0000000100000000)
  region size 1024K, 2 young (2048K), 2 survivors (2048K)
 Metaspace       used 93716K, capacity 95953K, committed 96204K, reserved 1132544K
  class space    used 11956K, capacity 12786K, committed 12800K, reserved 1048576K
}
Event: 45.881 GC heap before
{Heap before GC invocations=40 (full 0):
 garbage-first heap   total 203776K, used 196561K [0x0000000080000000, 0x0000000100000000)
  region size 1024K, 9 young (9216K), 2 survivors (2048K)
 Metaspace       used 93719K, capacity 95954K, committed 96204K, reserved 1132544K
  class space    used 11956K, capacity 12786K, committed 12800K, reserved 1048576K
}
Event: 45.889 GC heap after
{Heap after GC invocations=41 (full 0):
 garbage-first heap   total 203776K, used 190824K [0x0000000080000000, 0x0000000100000000)
  region size 1024K, 2 young (2048K), 2 survivors (2048K)
 Metaspace       used 93719K, capacity 95954K, committed 96204K, reserved 1132544K
  class space    used 11956K, capacity 12786K, committed 12800K, reserved 1048576K
}
Event: 45.931 GC heap before
{Heap before GC invocations=42 (full 0):
 garbage-first heap   total 203776K, used 196968K [0x0000000080000000, 0x0000000100000000)
  region size 1024K, 9 young (9216K), 2 survivors (2048K)
 Metaspace       used 93719K, capacity 95954K, committed 96204K, reserved 1132544K
  class space    used 11956K, capacity 12786K, committed 12800K, reserved 1048576K
}
Event: 45.939 GC heap after
{Heap after GC invocations=43 (full 0):
 garbage-first heap   total 203776K, used 192029K [0x0000000080000000, 0x0000000100000000)
  region size 1024K, 2 young (2048K), 2 survivors (2048K)
 Metaspace       used 93719K, capacity 95954K, committed 96204K, reserved 1132544K
  class space    used 11956K, capacity 12786K, committed 12800K, reserved 1048576K
}
Event: 45.964 GC heap before
{Heap before GC invocations=43 (full 0):
 garbage-first heap   total 203776K, used 198173K [0x0000000080000000, 0x0000000100000000)
  region size 1024K, 9 young (9216K), 2 survivors (2048K)
 Metaspace       used 93719K, capacity 95954K, committed 96204K, reserved 1132544K
  class space    used 11956K, capacity 12786K, committed 12800K, reserved 1048576K
}
Event: 45.979 GC heap after
{Heap after GC invocations=44 (full 0):
 garbage-first heap   total 203776K, used 193650K [0x0000000080000000, 0x0000000100000000)
  region size 1024K, 2 young (2048K), 2 survivors (2048K)
 Metaspace       used 93719K, capacity 95954K, committed 96204K, reserved 1132544K
  class space    used 11956K, capacity 12786K, committed 12800K, reserved 1048576K
}
Event: 46.060 GC heap before
{Heap before GC invocations=44 (full 0):
 garbage-first heap   total 203776K, used 200818K [0x0000000080000000, 0x0000000100000000)
  region size 1024K, 9 young (9216K), 2 survivors (2048K)
 Metaspace       used 93722K, capacity 95954K, committed 96204K, reserved 1132544K
  class space    used 11956K, capacity 12786K, committed 12800K, reserved 1048576K
}
Event: 46.075 GC heap after
{Heap after GC invocations=45 (full 0):
 garbage-first heap   total 205824K, used 196155K [0x0000000080000000, 0x0000000100000000)
  region size 1024K, 2 young (2048K), 2 survivors (2048K)
 Metaspace       used 93722K, capacity 95954K, committed 96204K, reserved 1132544K
  class space    used 11956K, capacity 12786K, committed 12800K, reserved 1048576K
}
Event: 46.167 GC heap before
{Heap before GC invocations=45 (full 0):
 garbage-first heap   total 205824K, used 205371K [0x0000000080000000, 0x0000000100000000)
  region size 1024K, 10 young (10240K), 2 survivors (2048K)
 Metaspace       used 93722K, capacity 95954K, committed 96204K, reserved 1132544K
  class space    used 11956K, capacity 12786K, committed 12800K, reserved 1048576K
}
Event: 46.186 GC heap after
{Heap after GC invocations=46 (full 0):
 garbage-first heap   total 317440K, used 199889K [0x0000000080000000, 0x0000000100000000)
  region size 1024K, 2 young (2048K), 2 survivors (2048K)
 Metaspace       used 93722K, capacity 95954K, committed 96204K, reserved 1132544K
  class space    used 11956K, capacity 12786K, committed 12800K, reserved 1048576K
}
Event: 46.625 GC heap before
{Heap before GC invocations=47 (full 0):
 garbage-first heap   total 317440K, used 237777K [0x0000000080000000, 0x0000000100000000)
  region size 1024K, 38 young (38912K), 2 survivors (2048K)
 Metaspace       used 93722K, capacity 95954K, committed 96204K, reserved 1132544K
  class space    used 11956K, capacity 12786K, committed 12800K, reserved 1048576K
}
Event: 46.665 GC heap after
{Heap after GC invocations=48 (full 0):
 garbage-first heap   total 317440K, used 212505K [0x0000000080000000, 0x0000000100000000)
  region size 1024K, 5 young (5120K), 5 survivors (5120K)
 Metaspace       used 93722K, capacity 95954K, committed 96204K, reserved 1132544K
  class space    used 11956K, capacity 12786K, committed 12800K, reserved 1048576K
}
Event: 46.684 GC heap before
{Heap before GC invocations=48 (full 0):
 garbage-first heap   total 317440K, used 215577K [0x0000000080000000, 0x0000000100000000)
  region size 1024K, 9 young (9216K), 5 survivors (5120K)
 Metaspace       used 93722K, capacity 95954K, committed 96204K, reserved 1132544K
  class space    used 11956K, capacity 12786K, committed 12800K, reserved 1048576K
}
Event: 46.715 GC heap after
{Heap after GC invocations=49 (full 0):
 garbage-first heap   total 317440K, used 214768K [0x0000000080000000, 0x0000000100000000)
  region size 1024K, 2 young (2048K), 2 survivors (2048K)
 Metaspace       used 93722K, capacity 95954K, committed 96204K, reserved 1132544K
  class space    used 11956K, capacity 12786K, committed 12800K, reserved 1048576K
}
Event: 46.997 GC heap before
{Heap before GC invocations=49 (full 0):
 garbage-first heap   total 317440K, used 242416K [0x0000000080000000, 0x0000000100000000)
  region size 1024K, 29 young (29696K), 2 survivors (2048K)
 Metaspace       used 93741K, capacity 96018K, committed 96204K, reserved 1132544K
  class space    used 11957K, capacity 12786K, committed 12800K, reserved 1048576K
}
Event: 47.017 GC heap after
{Heap after GC invocations=50 (full 0):
 garbage-first heap   total 317440K, used 220647K [0x0000000080000000, 0x0000000100000000)
  region size 1024K, 4 young (4096K), 4 survivors (4096K)
 Metaspace       used 93741K, capacity 96018K, committed 96204K, reserved 1132544K
  class space    used 11957K, capacity 12786K, committed 12800K, reserved 1048576K
}
Event: 47.428 GC heap before
{Heap before GC invocations=50 (full 0):
 garbage-first heap   total 317440K, used 246247K [0x0000000080000000, 0x0000000100000000)
  region size 1024K, 31 young (31744K), 4 survivors (4096K)
 Metaspace       used 93743K, capacity 96018K, committed 96204K, reserved 1132544K
  class space    used 11957K, capacity 12786K, committed 12800K, reserved 1048576K
}

