# JRE version: OpenJDK Runtime Environment (11.0.10) (build 11.0.10+0-b96-7249189)
# Java VM: OpenJDK 64-Bit Server VM (11.0.10+0-b96-7249189, mixed mode, tiered, compressed oops, g1 gc, windows-amd64)
Heap:
 garbage-first heap   total 741376K, used 331264K [0x0000000080000000, 0x0000000100000000)
  region size 1024K, 4 young (4096K), 4 survivors (4096K)
 Metaspace       used 94850K, capacity 97143K, committed 97408K, reserved 1134592K
  class space    used 12308K, capacity 13161K, committed 13184K, reserved 1048576K
GC Heap History (20 events):
Event: 45.108 GC heap after
{Heap after GC invocations=49 (full 0):
 garbage-first heap   total 227328K, used 111512K [0x0000000080000000, 0x0000000100000000)
  region size 1024K, 7 young (7168K), 7 survivors (7168K)
 Metaspace       used 89614K, capacity 91857K, committed 92160K, reserved 1128448K
  class space    used 11428K, capacity 12232K, committed 12288K, reserved 1048576K
}
Event: 45.876 GC heap before
{Heap before GC invocations=50 (full 0):
 garbage-first heap   total 227328K, used 162712K [0x0000000080000000, 0x0000000100000000)
  region size 1024K, 32 young (32768K), 7 survivors (7168K)
 Metaspace       used 92302K, capacity 94566K, committed 94592K, reserved 1130496K
  class space    used 11814K, capacity 12647K, committed 12672K, reserved 1048576K
}
Event: 45.894 GC heap after
{Heap after GC invocations=51 (full 0):
 garbage-first heap   total 227328K, used 150524K [0x0000000080000000, 0x0000000100000000)
  region size 1024K, 9 young (9216K), 9 survivors (9216K)
 Metaspace       used 92302K, capacity 94566K, committed 94592K, reserved 1130496K
  class space    used 11814K, capacity 12647K, committed 12672K, reserved 1048576K
}
Event: 46.059 GC heap before
{Heap before GC invocations=51 (full 0):
 garbage-first heap   total 230400K, used 229372K [0x0000000080000000, 0x0000000100000000)
  region size 1024K, 33 young (33792K), 9 survivors (9216K)
 Metaspace       used 92531K, capacity 94800K, committed 94976K, reserved 1132544K
  class space    used 11837K, capacity 12682K, committed 12800K, reserved 1048576K
}
Event: 46.077 GC heap after
{Heap after GC invocations=52 (full 0):
 garbage-first heap   total 304128K, used 190718K [0x0000000080000000, 0x0000000100000000)
  region size 1024K, 6 young (6144K), 6 survivors (6144K)
 Metaspace       used 92531K, capacity 94800K, committed 94976K, reserved 1132544K
  class space    used 11837K, capacity 12682K, committed 12800K, reserved 1048576K
}
Event: 46.607 GC heap before
{Heap before GC invocations=53 (full 0):
 garbage-first heap   total 304128K, used 207102K [0x0000000080000000, 0x0000000100000000)
  region size 1024K, 24 young (24576K), 6 survivors (6144K)
 Metaspace       used 92549K, capacity 94801K, committed 94976K, reserved 1132544K
  class space    used 11837K, capacity 12682K, committed 12800K, reserved 1048576K
}
Event: 46.632 GC heap after
{Heap after GC invocations=54 (full 0):
 garbage-first heap   total 304128K, used 198403K [0x0000000080000000, 0x0000000100000000)
  region size 1024K, 7 young (7168K), 7 survivors (7168K)
 Metaspace       used 92549K, capacity 94801K, committed 94976K, reserved 1132544K
  class space    used 11837K, capacity 12682K, committed 12800K, reserved 1048576K
}
Event: 47.091 GC heap before
{Heap before GC invocations=54 (full 0):
 garbage-first heap   total 304128K, used 240387K [0x0000000080000000, 0x0000000100000000)
  region size 1024K, 45 young (46080K), 7 survivors (7168K)
 Metaspace       used 92566K, capacity 94801K, committed 94976K, reserved 1132544K
  class space    used 11838K, capacity 12682K, committed 12800K, reserved 1048576K
}
Event: 47.152 GC heap after
{Heap after GC invocations=55 (full 0):
 garbage-first heap   total 304128K, used 218721K [0x0000000080000000, 0x0000000100000000)
  region size 1024K, 6 young (6144K), 6 survivors (6144K)
 Metaspace       used 92566K, capacity 94801K, committed 94976K, reserved 1132544K
  class space    used 11838K, capacity 12682K, committed 12800K, reserved 1048576K
}
Event: 47.331 GC heap before
{Heap before GC invocations=56 (full 0):
 garbage-first heap   total 304128K, used 239201K [0x0000000080000000, 0x0000000100000000)
  region size 1024K, 28 young (28672K), 6 survivors (6144K)
 Metaspace       used 92568K, capacity 94801K, committed 94976K, reserved 1132544K
  class space    used 11838K, capacity 12682K, committed 12800K, reserved 1048576K
}
Event: 47.380 GC heap after
{Heap after GC invocations=57 (full 0):
 garbage-first heap   total 304128K, used 227840K [0x0000000080000000, 0x0000000100000000)
  region size 1024K, 5 young (5120K), 5 survivors (5120K)
 Metaspace       used 92568K, capacity 94801K, committed 94976K, reserved 1132544K
  class space    used 11838K, capacity 12682K, committed 12800K, reserved 1048576K
}
Event: 47.653 GC heap before
{Heap before GC invocations=57 (full 0):
 garbage-first heap   total 304128K, used 255488K [0x0000000080000000, 0x0000000100000000)
  region size 1024K, 27 young (27648K), 5 survivors (5120K)
 Metaspace       used 92568K, capacity 94801K, committed 94976K, reserved 1132544K
  class space    used 11838K, capacity 12682K, committed 12800K, reserved 1048576K
}
Event: 47.709 GC heap after
{Heap after GC invocations=58 (full 0):
 garbage-first heap   total 417792K, used 245223K [0x0000000080000000, 0x0000000100000000)
  region size 1024K, 4 young (4096K), 4 survivors (4096K)
 Metaspace       used 92568K, capacity 94801K, committed 94976K, reserved 1132544K
  class space    used 11838K, capacity 12682K, committed 12800K, reserved 1048576K
}
Event: 49.133 GC heap before
{Heap before GC invocations=59 (full 0):
 garbage-first heap   total 417792K, used 299495K [0x0000000080000000, 0x0000000100000000)
  region size 1024K, 58 young (59392K), 4 survivors (4096K)
 Metaspace       used 94834K, capacity 97142K, committed 97408K, reserved 1134592K
  class space    used 12307K, capacity 13161K, committed 13184K, reserved 1048576K
}
Event: 49.234 GC heap after
{Heap after GC invocations=60 (full 0):
 garbage-first heap   total 417792K, used 272384K [0x0000000080000000, 0x0000000100000000)
  region size 1024K, 8 young (8192K), 8 survivors (8192K)
 Metaspace       used 94834K, capacity 97142K, committed 97408K, reserved 1134592K
  class space    used 12307K, capacity 13161K, committed 13184K, reserved 1048576K
}
Event: 49.903 GC heap before
{Heap before GC invocations=60 (full 0):
 garbage-first heap   total 417792K, used 317440K [0x0000000080000000, 0x0000000100000000)
  region size 1024K, 52 young (53248K), 8 survivors (8192K)
 Metaspace       used 94841K, capacity 97142K, committed 97408K, reserved 1134592K
  class space    used 12307K, capacity 13161K, committed 13184K, reserved 1048576K
}
Event: 50.007 GC heap after
{Heap after GC invocations=61 (full 0):
 garbage-first heap   total 417792K, used 300544K [0x0000000080000000, 0x0000000100000000)
  region size 1024K, 7 young (7168K), 7 survivors (7168K)
 Metaspace       used 94841K, capacity 97142K, committed 97408K, reserved 1134592K
  class space    used 12307K, capacity 13161K, committed 13184K, reserved 1048576K
}
Event: 50.638 GC heap before
{Heap before GC invocations=61 (full 0):
 garbage-first heap   total 417792K, used 331264K [0x0000000080000000, 0x0000000100000000)
  region size 1024K, 38 young (38912K), 7 survivors (7168K)
 Metaspace       used 94845K, capacity 97143K, committed 97408K, reserved 1134592K
  class space    used 12307K, capacity 13161K, committed 13184K, reserved 1048576K
}
Event: 50.684 GC heap after
{Heap after GC invocations=62 (full 0):
 garbage-first heap   total 417792K, used 320512K [0x0000000080000000, 0x0000000100000000)
  region size 1024K, 5 young (5120K), 5 survivors (5120K)
 Metaspace       used 94845K, capacity 97143K, committed 97408K, reserved 1134592K
  class space    used 12307K, capacity 13161K, committed 13184K, reserved 1048576K
}
Event: 51.009 GC heap before
{Heap before GC invocations=62 (full 0):
 garbage-first heap   total 417792K, used 339968K [0x0000000080000000, 0x0000000100000000)
  region size 1024K, 28 young (28672K), 5 survivors (5120K)
 Metaspace       used 94850K, capacity 97143K, committed 97408K, reserved 1134592K
  class space    used 12308K, capacity 13161K, committed 13184K, reserved 1048576K
}

